app/build/intermediates/manifest_merge_blame_file/debug/processDebugMainManifest/manifest-merger-blame-debug-report.txt
1<?xml version="1.0" encoding="utf-8"?>
2<manifest xmlns:android="http://schemas.android.com/apk/res/android"
3    package="com.example.polynation"
4    android:versionCode="1"
5    android:versionName="1.0" >
6
7    <uses-sdk
8        android:minSdkVersion="24"
9        android:targetSdkVersion="36" />
10
11    <uses-permission android:name="android.permission.INTERNET" />
11-->src\main\AndroidManifest.xml:5:5-67
11-->src\main\AndroidManifest.xml:5:22-64
12    <uses-permission android:name="android.permission.ACCESS_NETWORK_STATE" />
12-->src\main\AndroidManifest.xml:6:5-79
12-->src\main\AndroidManifest.xml:6:22-76
13    <uses-permission android:name="android.permission.ACCESS_WIFI_STATE" />
13-->src\main\AndroidManifest.xml:7:5-76
13-->src\main\AndroidManifest.xml:7:22-73
14    <uses-permission android:name="android.permission.ACCESS_FINE_LOCATION" />
14-->src\main\AndroidManifest.xml:8:5-79
14-->src\main\AndroidManifest.xml:8:22-76
15    <uses-permission android:name="android.permission.ACCESS_COARSE_LOCATION" />
15-->src\main\AndroidManifest.xml:9:5-81
15-->src\main\AndroidManifest.xml:9:22-78
16
17    <supports-screens
17-->[org.osmdroid:osmdroid-android:6.1.17] AndroidManifest.xml:9:5-12:40
18        android:anyDensity="true"
18-->[org.osmdroid:osmdroid-android:6.1.17] AndroidManifest.xml:10:9-34
19        android:largeScreens="true"
19-->[org.osmdroid:osmdroid-android:6.1.17] AndroidManifest.xml:11:9-36
20        android:normalScreens="true" />
20-->[org.osmdroid:osmdroid-android:6.1.17] AndroidManifest.xml:12:9-37
21
22    <uses-feature
22-->[org.osmdroid:osmdroid-android:6.1.17] AndroidManifest.xml:14:5-16:36
23        android:name="android.hardware.location.network"
23-->[org.osmdroid:osmdroid-android:6.1.17] AndroidManifest.xml:15:9-57
24        android:required="false" />
24-->[org.osmdroid:osmdroid-android:6.1.17] AndroidManifest.xml:16:9-33
25    <uses-feature
25-->[org.osmdroid:osmdroid-android:6.1.17] AndroidManifest.xml:17:5-19:36
26        android:name="android.hardware.location.gps"
26-->[org.osmdroid:osmdroid-android:6.1.17] AndroidManifest.xml:18:9-53
27        android:required="false" />
27-->[org.osmdroid:osmdroid-android:6.1.17] AndroidManifest.xml:19:9-33
28    <uses-feature
28-->[org.osmdroid:osmdroid-android:6.1.17] AndroidManifest.xml:20:5-22:36
29        android:name="android.hardware.telephony"
29-->[org.osmdroid:osmdroid-android:6.1.17] AndroidManifest.xml:21:9-50
30        android:required="false" />
30-->[org.osmdroid:osmdroid-android:6.1.17] AndroidManifest.xml:22:9-33
31    <uses-feature
31-->[org.osmdroid:osmdroid-android:6.1.17] AndroidManifest.xml:23:5-25:36
32        android:name="android.hardware.wifi"
32-->[org.osmdroid:osmdroid-android:6.1.17] AndroidManifest.xml:24:9-45
33        android:required="false" />
33-->[org.osmdroid:osmdroid-android:6.1.17] AndroidManifest.xml:25:9-33
34
35    <permission
35-->[androidx.core:core:1.18.0] AndroidManifest.xml:22:5-24:47
36        android:name="com.example.polynation.DYNAMIC_RECEIVER_NOT_EXPORTED_PERMISSION"
36-->[androidx.core:core:1.18.0] AndroidManifest.xml:23:9-81
37        android:protectionLevel="signature" />
37-->[androidx.core:core:1.18.0] AndroidManifest.xml:24:9-44
38
39    <uses-permission android:name="com.example.polynation.DYNAMIC_RECEIVER_NOT_EXPORTED_PERMISSION" />
39-->[androidx.core:core:1.18.0] AndroidManifest.xml:26:5-97
39-->[androidx.core:core:1.18.0] AndroidManifest.xml:26:22-94
40
41    <application
41-->src\main\AndroidManifest.xml:11:5-70:19
42        android:name="com.example.polynation.PolyNationApp"
42-->src\main\AndroidManifest.xml:12:9-38
43        android:allowBackup="true"
43-->src\main\AndroidManifest.xml:13:9-35
44        android:appComponentFactory="androidx.core.app.CoreComponentFactory"
44-->[androidx.core:core:1.18.0] AndroidManifest.xml:28:18-86
45        android:debuggable="true"
46        android:extractNativeLibs="false"
47        android:icon="@mipmap/ic_launcher"
47-->src\main\AndroidManifest.xml:14:9-43
48        android:label="@string/app_name"
48-->src\main\AndroidManifest.xml:15:9-41
49        android:testOnly="true"
50        android:theme="@style/Theme.AppCompat.Light.NoActionBar"
50-->src\main\AndroidManifest.xml:16:9-65
51        android:usesCleartextTraffic="true" >
51-->src\main\AndroidManifest.xml:17:9-44
52        <activity
52-->src\main\AndroidManifest.xml:19:9-28:20
53            android:name="com.example.polynation.SplashActivity"
53-->src\main\AndroidManifest.xml:20:13-43
54            android:exported="true"
54-->src\main\AndroidManifest.xml:21:13-36
55            android:screenOrientation="portrait"
55-->src\main\AndroidManifest.xml:22:13-49
56            android:theme="@style/Theme.AppCompat.Light.NoActionBar" >
56-->src\main\AndroidManifest.xml:23:13-69
57            <intent-filter>
57-->src\main\AndroidManifest.xml:24:13-27:29
58                <action android:name="android.intent.action.MAIN" />
58-->src\main\AndroidManifest.xml:25:17-69
58-->src\main\AndroidManifest.xml:25:25-66
59
60                <category android:name="android.intent.category.LAUNCHER" />
60-->src\main\AndroidManifest.xml:26:17-77
60-->src\main\AndroidManifest.xml:26:27-74
61            </intent-filter>
62        </activity>
63        <activity
63-->src\main\AndroidManifest.xml:30:9-33:40
64            android:name="com.example.polynation.MainActivity"
64-->src\main\AndroidManifest.xml:31:13-41
65            android:exported="false"
65-->src\main\AndroidManifest.xml:33:13-37
66            android:screenOrientation="portrait" />
66-->src\main\AndroidManifest.xml:32:13-49
67        <activity
67-->src\main\AndroidManifest.xml:35:9-38:40
68            android:name="com.example.polynation.RegisterActivity"
68-->src\main\AndroidManifest.xml:36:13-45
69            android:exported="false"
69-->src\main\AndroidManifest.xml:38:13-37
70            android:screenOrientation="portrait" />
70-->src\main\AndroidManifest.xml:37:13-49
71        <activity
71-->src\main\AndroidManifest.xml:40:9-43:40
72            android:name="com.example.polynation.LoginActivity"
72-->src\main\AndroidManifest.xml:41:13-42
73            android:exported="false"
73-->src\main\AndroidManifest.xml:43:13-37
74            android:screenOrientation="portrait" />
74-->src\main\AndroidManifest.xml:42:13-49
75        <activity
75-->src\main\AndroidManifest.xml:45:9-48:40
76            android:name="com.example.polynation.MapActivity"
76-->src\main\AndroidManifest.xml:46:13-40
77            android:exported="false"
77-->src\main\AndroidManifest.xml:48:13-37
78            android:screenOrientation="portrait" />
78-->src\main\AndroidManifest.xml:47:13-49
79        <activity
79-->src\main\AndroidManifest.xml:50:9-53:40
80            android:name="com.example.polynation.ProfileActivity"
80-->src\main\AndroidManifest.xml:51:13-44
81            android:exported="false"
81-->src\main\AndroidManifest.xml:53:13-37
82            android:screenOrientation="portrait" />
82-->src\main\AndroidManifest.xml:52:13-49
83        <activity
83-->src\main\AndroidManifest.xml:55:9-58:40
84            android:name="com.example.polynation.QuizzesActivity"
84-->src\main\AndroidManifest.xml:56:13-44
85            android:exported="false"
85-->src\main\AndroidManifest.xml:58:13-37
86            android:screenOrientation="portrait" />
86-->src\main\AndroidManifest.xml:57:13-49
87        <activity
87-->src\main\AndroidManifest.xml:60:9-63:40
88            android:name="com.example.polynation.QuizQuestionActivity"
88-->src\main\AndroidManifest.xml:61:13-49
89            android:exported="false"
89-->src\main\AndroidManifest.xml:63:13-37
90            android:screenOrientation="portrait" />
90-->src\main\AndroidManifest.xml:62:13-49
91        <activity
91-->src\main\AndroidManifest.xml:65:9-68:40
92            android:name="com.example.polynation.RatingActivity"
92-->src\main\AndroidManifest.xml:66:13-43
93            android:exported="false"
93-->src\main\AndroidManifest.xml:68:13-37
94            android:screenOrientation="portrait" />
94-->src\main\AndroidManifest.xml:67:13-49
95
96        <provider
96-->[androidx.emoji2:emoji2:1.3.0] AndroidManifest.xml:24:9-32:20
97            android:name="androidx.startup.InitializationProvider"
97-->[androidx.emoji2:emoji2:1.3.0] AndroidManifest.xml:25:13-67
98            android:authorities="com.example.polynation.androidx-startup"
98-->[androidx.emoji2:emoji2:1.3.0] AndroidManifest.xml:26:13-68
99            android:exported="false" >
99-->[androidx.emoji2:emoji2:1.3.0] AndroidManifest.xml:27:13-37
100            <meta-data
100-->[androidx.emoji2:emoji2:1.3.0] AndroidManifest.xml:29:13-31:52
101                android:name="androidx.emoji2.text.EmojiCompatInitializer"
101-->[androidx.emoji2:emoji2:1.3.0] AndroidManifest.xml:30:17-75
102                android:value="androidx.startup" />
102-->[androidx.emoji2:emoji2:1.3.0] AndroidManifest.xml:31:17-49
103            <meta-data
103-->[androidx.lifecycle:lifecycle-process:2.6.2] AndroidManifest.xml:29:13-31:52
104                android:name="androidx.lifecycle.ProcessLifecycleInitializer"
104-->[androidx.lifecycle:lifecycle-process:2.6.2] AndroidManifest.xml:30:17-78
105                android:value="androidx.startup" />
105-->[androidx.lifecycle:lifecycle-process:2.6.2] AndroidManifest.xml:31:17-49
106            <meta-data
106-->[androidx.profileinstaller:profileinstaller:1.4.0] AndroidManifest.xml:29:13-31:52
107                android:name="androidx.profileinstaller.ProfileInstallerInitializer"
107-->[androidx.profileinstaller:profileinstaller:1.4.0] AndroidManifest.xml:30:17-85
108                android:value="androidx.startup" />
108-->[androidx.profileinstaller:profileinstaller:1.4.0] AndroidManifest.xml:31:17-49
109        </provider>
110
111        <receiver
111-->[androidx.profileinstaller:profileinstaller:1.4.0] AndroidManifest.xml:34:9-52:20
112            android:name="androidx.profileinstaller.ProfileInstallReceiver"
112-->[androidx.profileinstaller:profileinstaller:1.4.0] AndroidManifest.xml:35:13-76
113            android:directBootAware="false"
113-->[androidx.profileinstaller:profileinstaller:1.4.0] AndroidManifest.xml:36:13-44
114            android:enabled="true"
114-->[androidx.profileinstaller:profileinstaller:1.4.0] AndroidManifest.xml:37:13-35
115            android:exported="true"
115-->[androidx.profileinstaller:profileinstaller:1.4.0] AndroidManifest.xml:38:13-36
116            android:permission="android.permission.DUMP" >
116-->[androidx.profileinstaller:profileinstaller:1.4.0] AndroidManifest.xml:39:13-57
117            <intent-filter>
117-->[androidx.profileinstaller:profileinstaller:1.4.0] AndroidManifest.xml:40:13-42:29
118                <action android:name="androidx.profileinstaller.action.INSTALL_PROFILE" />
118-->[androidx.profileinstaller:profileinstaller:1.4.0] AndroidManifest.xml:41:17-91
118-->[androidx.profileinstaller:profileinstaller:1.4.0] AndroidManifest.xml:41:25-88
119            </intent-filter>
120            <intent-filter>
120-->[androidx.profileinstaller:profileinstaller:1.4.0] AndroidManifest.xml:43:13-45:29
121                <action android:name="androidx.profileinstaller.action.SKIP_FILE" />
121-->[androidx.profileinstaller:profileinstaller:1.4.0] AndroidManifest.xml:44:17-85
121-->[androidx.profileinstaller:profileinstaller:1.4.0] AndroidManifest.xml:44:25-82
122            </intent-filter>
123            <intent-filter>
123-->[androidx.profileinstaller:profileinstaller:1.4.0] AndroidManifest.xml:46:13-48:29
124                <action android:name="androidx.profileinstaller.action.SAVE_PROFILE" />
124-->[androidx.profileinstaller:profileinstaller:1.4.0] AndroidManifest.xml:47:17-88
124-->[androidx.profileinstaller:profileinstaller:1.4.0] AndroidManifest.xml:47:25-85
125            </intent-filter>
126            <intent-filter>
126-->[androidx.profileinstaller:profileinstaller:1.4.0] AndroidManifest.xml:49:13-51:29
127                <action android:name="androidx.profileinstaller.action.BENCHMARK_OPERATION" />
127-->[androidx.profileinstaller:profileinstaller:1.4.0] AndroidManifest.xml:50:17-95
127-->[androidx.profileinstaller:profileinstaller:1.4.0] AndroidManifest.xml:50:25-92
128            </intent-filter>
129        </receiver>
130    </application>
131
132</manifest>